Arguments: 
  /home/airbornharsh/.nvm/versions/node/v20.13.1/bin/node /usr/local/bin/yarn init

PATH: 
  /home/airbornharsh/.local/share/solana/install/active_release/bin:/home/airbornharsh/development/flutter/bin:/home/airbornharsh/development/flutter/bin:/home/airbornharsh/.cache/cloud-code/m2c/bin:/home/airbornharsh/.local/share/solana/install/active_release/bin:/home/airbornharsh/.nvm/versions/node/v20.13.1/bin:/home/airbornharsh/miniconda3/bin:/home/airbornharsh/miniconda3/condabin:/home/airbornharsh/.local/share/solana/install/active_release/bin:/home/airbornharsh/development/flutter/bin:/home/airbornharsh/development/flutter/bin:/home/airbornharsh/.local/share/solana/install/active_release/bin:/home/airbornharsh/.cargo/bin:/home/airbornharsh/.local/bin:/usr/local/sbin:/usr/local/bin:/usr/sbin:/usr/bin:/sbin:/bin:/usr/games:/usr/local/games:/snap/bin:/snap/bin:/usr/local/go/bin:/home/airbornharsh/Android/Sdk/emulator:/home/airbornharsh/Android/Sdk/platform-tools:/home/airbornharsh/Android/Sdk/cmdline-tools/latest/bin

Yarn version: 
  1.22.19

Node version: 
  20.13.1

Platform: 
  linux x64

Trace: 
  Error: canceled
      at Interface.<anonymous> (/usr/local/lib/node_modules/yarn/lib/cli.js:137150:13)
      at Interface.emit (node:events:519:28)
      at [_ttyWrite] [as _ttyWrite] (node:internal/readline/interface:1126:18)
      at ReadStream.onkeypress (node:internal/readline/interface:265:20)
      at ReadStream.emit (node:events:519:28)
      at emitKeys (node:internal/readline/utils:371:14)
      at emitKeys.next (<anonymous>)
      at ReadStream.onData (node:internal/readline/emitKeypressEvents:64:36)
      at ReadStream.emit (node:events:519:28)
      at addChunk (node:internal/streams/readable:559:12)

npm manifest: 
  No manifest

yarn manifest: 
  No manifest

Lockfile: 
  No lockfile
